[05:30:07] [main/INFO]: Loading Minecraft 1.21.1 with Fabric Loader 0.19.2
[05:30:07] [ForkJoinPool-1-worker-3/WARN]: The mod "dungeons_arise" contains invalid entries in its mod json:
- Unsupported root entry "credits" at line 12 column 11
[05:30:08] [main/WARN]: Warnings were found!
 - Mod 'Alloy Forgery' (alloy_forgery) 2.4.1+1.21 recommends version 14.0.0 or later of roughlyenoughitems, which is missing!
	 - You should install version 14.0.0 or later of roughlyenoughitems for the optimal experience.
 - Mod 'Debugify' (debugify) 1.21.1+1.0 recommends any version of modmenu, which is missing!
	 - You should install any version of modmenu for the optimal experience.
 - Mod 'Dynamic Lights' (dynamiclights) 1.9.2+mod recommends any version of midnightlib, which is missing!
	 - You should install any version of midnightlib for the optimal experience.
 - Mod 'Forge Config API Port' (forgeconfigapiport) 21.1.6 recommends any version of modmenu, which is missing!
	 - You should install any version of modmenu for the optimal experience.
 - Mod 'Simply Swords' (simplyswords) 1.63.0-1.21.1 recommends version 1.0.0 or later of oracle_index, which is missing!
	 - You should install version 1.0.0 or later of oracle_index for the optimal experience.
[05:30:08] [main/INFO]: Loading 217 mods:
	- alloy_forgery 2.4.1+1.21
	- architectury 13.0.8
	- armoroftheages 1.5.9
	- artifacts 13.2.1
	   |-- com_electronwill_night-config_core 3.8.0
	   |-- com_electronwill_night-config_toml 3.8.0
	   \-- expandability 12.0.0
	- bettercombat 2.3.2+1.21.1
	   \-- tiny_config 3.1.0
	- bosses_of_mass_destruction 1.10.2-1.21.1
	   \-- multipart_entities 1.7-1.21
	- c2me 0.3.0+alpha.0.363+1.21.1
	   |-- c2me-base 0.3.0+alpha.0.363+1.21.1
	   |-- c2me-client-uncapvd 0.3.0+alpha.0.363+1.21.1
	   |-- c2me-fixes-chunkio-threading-issues 0.3.0+alpha.0.363+1.21.1
	   |-- c2me-fixes-general-threading-issues 0.3.0+alpha.0.363+1.21.1
	   |-- c2me-fixes-worldgen-threading-issues 0.3.0+alpha.0.363+1.21.1
	   |-- c2me-fixes-worldgen-vanilla-bugs 0.3.0+alpha.0.363+1.21.1
	   |-- c2me-notickvd 0.3.0+alpha.0.363+1.21.1
	   |-- c2me-opts-allocs 0.3.0+alpha.0.363+1.21.1
	   |-- c2me-opts-chunkio 0.3.0+alpha.0.363+1.21.1
	   |-- c2me-opts-dfc 0.3.0+alpha.0.363+1.21.1
	   |-- c2me-opts-math 0.3.0+alpha.0.363+1.21.1
	   |-- c2me-opts-scheduling 0.3.0+alpha.0.363+1.21.1
	   |-- c2me-opts-worldgen-general 0.3.0+alpha.0.363+1.21.1
	   |-- c2me-opts-worldgen-vanilla 0.3.0+alpha.0.363+1.21.1
	   |-- c2me-rewrites-chunk-serializer 0.3.0+alpha.0.363+1.21.1
	   |-- c2me-rewrites-chunk-system 0.3.0+alpha.0.363+1.21.1
	   |-- c2me-rewrites-chunkio 0.3.0+alpha.0.363+1.21.1
	   |-- c2me-server-utils 0.3.0+alpha.0.363+1.21.1
	   |-- c2me-threading-lighting 0.3.0+alpha.0.363+1.21.1
	   |-- com_ibm_async_asyncutil 0.1.0
	   |-- io_reactivex_rxjava3_rxjava 3.1.12
	   |-- mixinsquared 0.2.0-beta.6
	   |-- net_objecthunter_exp4j 0.4.8
	   |-- org_jctools_jctools-core 4.0.5
	   \-- org_reactivestreams_reactive-streams 1.0.4
	- cardinal-components 6.1.3
	   |-- cardinal-components-base 6.1.3
	   |-- cardinal-components-block 6.1.3
	   |-- cardinal-components-chunk 6.1.3
	   |-- cardinal-components-entity 6.1.3
	   |-- cardinal-components-item 6.1.3
	   |-- cardinal-components-level 6.1.3
	   |-- cardinal-components-scoreboard 6.1.3
	   \-- cardinal-components-world 6.1.3
	- chunkactivitytracker 1.0.1
	- cloth-config 15.0.140
	   \-- cloth-basic-math 0.6.1
	- collective 8.22
	- combat_roll 2.0.6+1.21.1
	- debugify 1.21.1+1.0
	- deeperdarker 1.3.3-plus-b
	   \-- customportalapi 0.0.1-beta67-1.21
	- does_it_tick 1.1.4
	- dungeons_arise 2.1.68
	- dynamiclights 1.9.2+mod
	- emi 1.1.24+1.21.1+fabric
	- emi_enchanting 0.1.2+1.21
	- emi_loot 0.7.9+1.21+fabric
	- emi_ores 1.2+1.21.1+fabric
	- entity-view-distance 1.3.0+1.21
	- entityculling 1.10.2
	   |-- transition 1.0.19
	   \-- trender 1.0.13
	- essential_commands 0.35.2-mc1.21
	   |-- ec-core 1.3.0-mc1.21
	   |    |-- fabric-permissions-api-v0 0.3.1
	   |    \-- playerabilitylib 1.10.0
	   |-- fabric-permissions-api-v0 0.3.1
	   \-- playerabilitylib 1.10.0
	- fabric-api 0.116.12+1.21.1
	   |-- fabric-api-base 0.4.42+6573ed8c19
	   |-- fabric-api-lookup-api-v1 1.6.72+7b3d111d19
	   |-- fabric-biome-api-v1 13.0.31+d527f9fd19
	   |-- fabric-block-api-v1 1.1.0+0bc3503219
	   |-- fabric-block-view-api-v2 1.0.11+ebb2264e19
	   |-- fabric-blockrenderlayer-v1 1.1.52+0af3f5a719
	   |-- fabric-client-tags-api-v1 1.1.15+6573ed8c19
	   |-- fabric-command-api-v1 1.2.49+f71b366f19
	   |-- fabric-command-api-v2 2.2.28+6ced4dd919
	   |-- fabric-commands-v0 0.2.66+df3654b319
	   |-- fabric-content-registries-v0 8.0.19+b559734419
	   |-- fabric-convention-tags-v1 2.1.7+7f945d5b19
	   |-- fabric-convention-tags-v2 2.12.0+c3656daa19
	   |-- fabric-crash-report-info-v1 0.2.29+0af3f5a719
	   |-- fabric-data-attachment-api-v1 1.4.7+5b36e0f719
	   |-- fabric-data-generation-api-v1 20.2.38+60a6976219
	   |-- fabric-dimensions-v1 4.0.1+65213ef819
	   |-- fabric-entity-events-v1 1.8.0+2b27e0a419
	   |-- fabric-events-interaction-v0 0.7.14+ba9dae0619
	   |-- fabric-game-rule-api-v1 1.0.53+6ced4dd919
	   |-- fabric-item-api-v1 11.2.0+3b3cb2e819
	   |-- fabric-item-group-api-v1 4.1.7+def88e3a19
	   |-- fabric-key-binding-api-v1 1.0.47+0af3f5a719
	   |-- fabric-keybindings-v0 0.2.45+df3654b319
	   |-- fabric-lifecycle-events-v1 2.6.0+0865547519
	   |-- fabric-loot-api-v2 3.0.15+3f89f5a519
	   |-- fabric-loot-api-v3 1.0.3+3f89f5a519
	   |-- fabric-message-api-v1 6.0.14+8aaf3aca19
	   |-- fabric-model-loading-api-v1 2.1.0+b4d813fc19
	   |-- fabric-networking-api-v1 4.3.1+d30f6a7919
	   |-- fabric-object-builder-api-v1 15.2.1+40875a9319
	   |-- fabric-particles-v1 4.0.2+6573ed8c19
	   |-- fabric-recipe-api-v1 5.0.16+2475392c19
	   |-- fabric-registry-sync-v0 5.3.2+e3eddc2119
	   |-- fabric-renderer-api-v1 3.4.1+b4d813fc19
	   |-- fabric-renderer-indigo 1.7.1+c705a49c19
	   |-- fabric-renderer-registries-v1 3.2.69+df3654b319
	   |-- fabric-rendering-data-attachment-v1 0.3.49+73761d2e19
	   |-- fabric-rendering-fluids-v1 3.1.6+1daea21519
	   |-- fabric-rendering-v0 1.1.72+df3654b319
	   |-- fabric-rendering-v1 5.1.0+ab4c25a019
	   |-- fabric-resource-conditions-api-v1 4.3.0+8dc279b119
	   |-- fabric-resource-loader-v0 1.3.1+5b5275af19
	   |-- fabric-screen-api-v1 2.0.25+8b68f1c719
	   |-- fabric-screen-handler-api-v1 1.3.91+b559734419
	   |-- fabric-sound-api-v1 1.0.23+6573ed8c19
	   |-- fabric-transfer-api-v1 5.4.4+7b3d111d19
	   \-- fabric-transitive-access-wideners-v1 6.2.0+45b9699719
	- fabric-language-kotlin 1.13.11+kotlin.2.3.21
	   |-- org_jetbrains_kotlin_kotlin-reflect 2.3.21
	   |-- org_jetbrains_kotlin_kotlin-stdlib 2.3.21
	   |-- org_jetbrains_kotlin_kotlin-stdlib-jdk7 2.3.21
	   |-- org_jetbrains_kotlin_kotlin-stdlib-jdk8 2.3.21
	   |-- org_jetbrains_kotlinx_atomicfu-jvm 0.32.1
	   |-- org_jetbrains_kotlinx_kotlinx-coroutines-core-jvm 1.10.2
	   |-- org_jetbrains_kotlinx_kotlinx-coroutines-jdk8 1.10.2
	   |-- org_jetbrains_kotlinx_kotlinx-datetime-jvm 0.7.1
	   |-- org_jetbrains_kotlinx_kotlinx-io-bytestring-jvm 0.9.0
	   |-- org_jetbrains_kotlinx_kotlinx-io-core-jvm 0.9.0
	   |-- org_jetbrains_kotlinx_kotlinx-serialization-cbor-jvm 1.11.0
	   |-- org_jetbrains_kotlinx_kotlinx-serialization-core-jvm 1.11.0
	   \-- org_jetbrains_kotlinx_kotlinx-serialization-json-jvm 1.11.0
	- fabricloader 0.19.2
	   \-- mixinextras 0.5.4
	- ferritecore 7.0.3
	- forgeconfigapiport 21.1.6
	   |-- com_electronwill_night-config_core 3.8.0
	   \-- com_electronwill_night-config_toml 3.8.0
	- fzzy_config 0.7.6+1.21
	   |-- blue_endless_jankson 1.2.3
	   |-- fabric-permissions-api-v0 0.3.1
	   \-- net_peanuuutz_tomlkt_tomlkt-jvm 0.3.7
	- geckolib 4.8.4
	- java 21
	- krypton 0.2.8
	   \-- com_velocitypowered_velocity-native 3.3.0-SNAPSHOT
	- ksyxis 1.4.3
	- leavesbegone 21.1.1
	- lithium 0.15.3+mc1.21.1
	- lootr 1.21.1-1.11.37.120
	- luckperms 5.4.140
	   \-- fabric-permissions-api-v0 0.3.1
	- luckperms-placeholders 5.5-SNAPSHOT
	- minecraft 1.21.1
	- modernfix 5.25.1+mc1.21.1
	- mr_dungeons_andtaverns 1-v4.4.4
	- mr_dungeons_andtavernsancientcityoverhaul 1-v2
	- mr_dungeons_andtavernsdeserttemplereplacement 1-v1.2
	- mr_dungeons_andtavernsendcastlestandalone 1-v1.1
	- mr_dungeons_andtavernsjungletemplereplacement 1-v1.2
	- mr_dungeons_andtavernsnetherfortressoverhaul 1-v2.4
	- mr_dungeons_andtavernsoceanmonumentreplacement 1-v1.2
	- mr_dungeons_andtavernspillageroutpostoverhaul 1-v2.2
	- mr_dungeons_andtavernsstrongholdoverhaul 1-v2.1.f
	- mr_dungeons_andtavernswoodlandmansionreplacement 1-v1.2
	- mythicmetals 0.24.5+1.21
	   |-- additionalentityattributes 1.8.0+1.21
	   \-- common-protection-api 1.0.0
	- noisium 2.7.0+mc1.21-1.21.1
	- owo 0.13.0-alpha.15+1.21
	   |-- io_wispforest_endec 0.1.5.1
	   |-- io_wispforest_endec_gson 0.1.3.1
	   |-- io_wispforest_endec_jankson 0.1.3.1
	   \-- io_wispforest_endec_netty 0.1.2
	- placeholder-api 2.4.2+1.21
	- playeranimator 2.0.4+1.21.1
	- puzzleslib 21.1.39
	- scalablelux 0.1.0.1+fabric.d0d58ab
	- servercore 1.5.10+1.21.1
	   |-- fabric-permissions-api-v0 0.3.1
	   |-- org_yaml_snakeyaml 2.3
	   |-- space_arim_dazzleconf_dazzleconf-core 1.3.0-M2
	   \-- space_arim_dazzleconf_dazzleconf-ext-snakeyaml 1.3.0-M2
	- silk-all 1.10.7
	   |-- silk-commands 1.10.7
	   |-- silk-core 1.10.7
	   |-- silk-game 1.10.7
	   |-- silk-igui 1.10.7
	   |-- silk-nbt 1.10.7
	   |-- silk-network 1.10.7
	   \-- silk-persistence 1.10.7
	- simplyswords 1.63.0-1.21.1
	- simplytooltips 0.1.3
	- skinlayers3d 1.11.1
	- skinrestorer 2.7.0+1.21-fabric
	   \-- org_mineskin_java-client 3.2.1-SNAPSHOT
	- sophisticatedbackpacks 1.21.1-3.23.4.3.106
	- sophisticatedcore 1.21.1-1.2.9.21.168
	   |-- porting_lib_conditions 3.1.0-beta.47+1.21.1
	   |-- porting_lib_core 3.1.0-beta.47+1.21.1
	   |-- porting_lib_fluids 3.1.0-beta.47+1.21.1
	   |-- porting_lib_item_abilities 3.1.0-beta.47+1.21.1
	   |-- porting_lib_lazy_registration 3.1.0-beta.47+1.21.1
	   |-- porting_lib_level_events 3.1.0-beta.47+1.21.1
	   |-- porting_lib_loot 3.1.0-beta.47+1.21.1
	   |-- porting_lib_model_loader 3.1.0-beta.47+1.21.1
	   |-- porting_lib_render_types 3.1.0-beta.47+1.21.1
	   |-- porting_lib_transfer 3.1.0-beta.47+1.21.1
	   \-- team_reborn_energy 4.1.0
	- styledchat 2.6.1+1.21
	   |-- fabric-permissions-api-v0 0.3.1
	   |-- player-data-api 0.6.0+1.21
	   \-- predicate-api 0.5.1+1.21
	- styledplayerlist 3.5.1+1.21
	   |-- fabric-permissions-api-v0 0.3.1
	   \-- player-data-api 0.6.0+1.21
	- tellus 1.0.0
	   |-- com_google_protobuf_protobuf-java 4.28.2
	   \-- io_github_sebasbaumh_mapbox-vector-tile-java 24.1.1
	- too_many_bows 1.21.1-3.0.0
	- treeharvester 9.1
	- trinkets 3.10.0
	- txnilib 1.0.24
	- veinminer 2.4.2
	   |-- de_miraculixx_core_dev 2.4.2
	   \-- fabric-permissions-api-v0 0.3.1
	- yet_another_config_lib_v3 3.8.2+1.21.1-fabric
	   |-- com_twelvemonkeys_common_common-image 3.12.0
	   |-- com_twelvemonkeys_common_common-io 3.12.0
	   |-- com_twelvemonkeys_common_common-lang 3.12.0
	   |-- com_twelvemonkeys_imageio_imageio-core 3.12.0
	   |-- com_twelvemonkeys_imageio_imageio-metadata 3.12.0
	   |-- com_twelvemonkeys_imageio_imageio-webp 3.12.0
	   |-- org_quiltmc_parsers_gson 0.2.1
	   \-- org_quiltmc_parsers_json 0.2.1
	- yigd 2.4.18
	   |-- fabric-permissions-api-v0 0.3.1
	   \-- libgui 11.1.0+1.21
	        |-- jankson 8.0.0+j1.2.3
	        |    \-- blue_endless_jankson 1.2.3
	        \-- libninepatch 1.2.0
[05:30:10] [main/INFO]: SpongePowered MIXIN Subsystem Version=0.8.7 Source=file:/workspaces/ALLofCREATE/servidor_minecraft/libraries/net/fabricmc/sponge-mixin/0.17.2+mixin.0.8.7/sponge-mixin-0.17.2+mixin.0.8.7.jar Service=Knot/Fabric Env=SERVER
[05:30:10] [main/INFO]: Compatibility level set to JAVA_21
[05:30:11] [main/INFO]: Initializing com.ishland.c2me.base.mixin
[05:30:11] [main/INFO]: Config threadPoolPriority changed from 4 to 3
[05:30:11] [main/INFO]: Config globalExecutorParallelism changed from 3 to 2
[05:30:11] [main/INFO]: Global Executor Parallelism: 2 configured, 3 evaluated, 3 default evaluated
[05:30:11] [main/INFO]: Initializing com.ishland.c2me.fixes.chunkio.threading_issues.mixin
[05:30:11] [main/INFO]: Initializing com.ishland.c2me.fixes.general.threading_issues.mixin
[05:30:11] [main/INFO]: Initializing com.ishland.c2me.fixes.worldgen.threading_issues.mixin
[05:30:11] [main/INFO]: Config fixes.enforceSafeWorldRandomAccess changed from true to false
[05:30:11] [main/INFO]: Initializing com.ishland.c2me.fixes.worldgen.vanilla_bugs.mixin
[05:30:11] [main/INFO]: Initializing com.ishland.c2me.notickvd.mixin
[05:30:11] [main/INFO]: Initializing com.ishland.c2me.opts.allocs.mixin
[05:30:11] [main/INFO]: Initializing com.ishland.c2me.opts.chunkio.mixin
[05:30:11] [main/INFO]: Initializing com.ishland.c2me.opts.dfc.mixin
[05:30:11] [main/INFO]: Config vanillaWorldGenOptimizations.useDensityFunctionCompiler changed from false to false
[05:30:11] [main/INFO]: Disabling com.ishland.c2me.opts.dfc.mixin
[05:30:11] [main/INFO]: Initializing com.ishland.c2me.opts.math.mixin
[05:30:11] [main/INFO]: Initializing com.ishland.c2me.opts.scheduling.mixin
[05:30:11] [main/INFO]: Initializing com.ishland.c2me.opts.worldgen.general.mixin
[05:30:11] [main/INFO]: Initializing com.ishland.c2me.opts.worldgen.vanilla.mixin
[05:30:11] [main/INFO]: Initializing com.ishland.c2me.rewrites.chunk_serializer.mixin
[05:30:11] [main/INFO]: Disabling config ioSystem.gcFreeChunkSerializer: Incompatible with architectury@13.0.8 (*) (defined in c2me)
[05:30:11] [main/INFO]: Disabling com.ishland.c2me.rewrites.chunk_serializer.mixin
[05:30:11] [main/INFO]: Initializing com.ishland.c2me.rewrites.chunksystem.mixin
[05:30:11] [main/INFO]: Config chunkSystem.asyncSerialization changed from true to true
[05:30:11] [main/INFO]: Config chunkSystem.recoverFromErrors changed from false to true
[05:30:11] [main/INFO]: Config chunkSystem.allowPOIUnloading changed from true to true
[05:30:11] [main/INFO]: Config chunkSystem.suppressGhostMushrooms changed from false to true
[05:30:11] [main/INFO]: Config chunkSystem.syncPlayerTickets changed from true to true
[05:30:11] [main/INFO]: Initializing com.ishland.c2me.rewrites.chunkio.mixin
[05:30:11] [main/INFO]: Initializing com.ishland.c2me.server.utils.mixin
[05:30:11] [main/INFO]: Initializing com.ishland.c2me.threading.lighting.mixin
[05:30:11] [main/WARN]: Reference map 'forgeconfigapiport.common.refmap.json' for forgeconfigapiport.common.mixins.json could not be read. If this is a development environment you can ignore this message
[05:30:11] [main/WARN]: Reference map 'leavesbegone.fabric.refmap.json' for leavesbegone.fabric.mixins.json could not be read. If this is a development environment you can ignore this message
[05:30:11] [main/INFO]: Option 'mixin.entity.collisions.fluid' requires 'mixin.util.block_tracking=true' but found 'false'. Setting 'mixin.entity.collisions.fluid=false'.
[05:30:11] [main/INFO]: Option 'mixin.experimental.entity.block_caching.block_support' requires 'mixin.util.block_tracking=true' but found 'false'. Setting 'mixin.experimental.entity.block_caching.block_support=false'.
[05:30:11] [main/INFO]: Option 'mixin.experimental.entity.block_caching.fluid_pushing' requires 'mixin.util.block_tracking=true' but found 'false'. Setting 'mixin.experimental.entity.block_caching.fluid_pushing=false'.
[05:30:11] [main/INFO]: Option 'mixin.experimental.entity.block_caching.block_touching' requires 'mixin.util.block_tracking=true' but found 'false'. Setting 'mixin.experimental.entity.block_caching.block_touching=false'.
[05:30:11] [main/INFO]: Option 'mixin.experimental.entity.block_caching.suffocation' requires 'mixin.util.block_tracking=true' but found 'false'. Setting 'mixin.experimental.entity.block_caching.suffocation=false'.
[05:30:11] [main/INFO]: Option 'mixin.experimental.entity.block_caching' requires 'mixin.util.block_tracking=true' but found 'false'. Setting 'mixin.experimental.entity.block_caching=false'.
[05:30:11] [main/INFO]: Loaded configuration file for Lithium: 150 options available, 1 override(s) found
[05:30:11] [main/INFO]: Loaded configuration file for ModernFix 5.25.1+mc1.21.1: 65 options available, 3 override(s) found
[05:30:11] [main/WARN]: Option 'mixin.bugfix.paper_chunk_patches' overriden (by mods [c2me]) to 'false'
[05:30:11] [main/WARN]: Option 'mixin.perf.cache_strongholds' overriden (by mods [c2me]) to 'false'
[05:30:11] [main/WARN]: Option 'mixin.bugfix.chunk_deadlock' overriden (by mods [c2me]) to 'false'
[05:30:11] [main/INFO]: Applying Nashorn fix
[05:30:11] [main/WARN]: Reference map 'tiny_config-common-common-refmap.json' for tiny_config.mixins.json could not be read. If this is a development environment you can ignore this message
[05:30:11] [main/WARN]: Reference map 'yet_another_config_lib_v3.refmap.json' for yacl.mixins.json could not be read. If this is a development environment you can ignore this message
[05:30:11] [main/WARN]: Reference map 'yet_another_config_lib_v3.refmap.json' for yacl-fabric.mixins.json could not be read. If this is a development environment you can ignore this message
[05:30:11] [main/WARN]: Error loading class: net/minecraft/class_906 (java.lang.ClassNotFoundException: net/minecraft/class_906)
[05:30:11] [main/WARN]: @Mixin target net.minecraft.class_906 was not found porting_lib_item_abilities.mixins.json:FishingHookRendererMixin from mod porting_lib_item_abilities
[05:30:12] [main/INFO]: Config vanillaWorldGenOptimizations.optimizeAquifer changed from true to false
[05:30:12] [main/WARN]: Error loading class: com/tom/storagemod/block/entity/StorageTerminalBlockEntity (java.lang.ClassNotFoundException: com/tom/storagemod/block/entity/StorageTerminalBlockEntity)
[05:30:12] [main/WARN]: Error loading class: dev/ftb/mods/ftbchunks/data/ClaimedChunkManagerImpl (java.lang.ClassNotFoundException: dev/ftb/mods/ftbchunks/data/ClaimedChunkManagerImpl)
[05:30:12] [main/WARN]: @Mixin target dev.ftb.mods.ftbchunks.data.ClaimedChunkManagerImpl was not found mixins.does_it_tick.json:ClaimedChunkManagerAccessor from mod does_it_tick
[05:30:12] [main/WARN]: Error loading class: com/electronwill/nightconfig/core/io/IoUtils (java.lang.ClassNotFoundException: com/electronwill/nightconfig/core/io/IoUtils)
[05:30:13] [main/WARN]: Error loading class: xyz/nucleoid/server/translations/impl/language/LanguageReader (java.lang.ClassNotFoundException: xyz/nucleoid/server/translations/impl/language/LanguageReader)
[05:30:13] [main/WARN]: @Mixin target xyz.nucleoid.server.translations.impl.language.LanguageReader was not found owo.mixins.json:extension.json5.LanguageReaderMixin from mod owo
[05:30:13] [main/WARN]: Error loading class: xyz/nucleoid/server/translations/impl/language/SystemDelegatedLanguage (java.lang.ClassNotFoundException: xyz/nucleoid/server/translations/impl/language/SystemDelegatedLanguage)
[05:30:13] [main/WARN]: Error loading class: net/minecraft/class_1044 (java.lang.ClassNotFoundException: net/minecraft/class_1044)
[05:30:13] [main/WARN]: @Mixin target net.minecraft.class_1044 was not found owo.mixins.json:ui.access.AbstractTextureAccessor from mod owo
[05:30:13] [main/WARN]: Error loading class: net/minecraft/class_638 (java.lang.ClassNotFoundException: net/minecraft/class_638)
[05:30:13] [main/WARN]: @Mixin target net.minecraft.class_638 was not found porting_lib_level_events.mixins.json:client.ClientLevelMixin from mod porting_lib_level_events
[05:30:13] [main/INFO]: Initializing MixinExtras via com.llamalad7.mixinextras.service.MixinExtrasServiceImpl(version=0.5.4).
[05:30:17] [main/INFO]: Injecting BlockStateBase cache population hook into getOpacityIfCached from ca.spottedleaf.starlight.mixin.common.blockstate.BlockStateBaseMixin
[05:30:17] [main/INFO]: Injecting BlockStateBase cache population hook into isConditionallyFullOpaque from ca.spottedleaf.starlight.mixin.common.blockstate.BlockStateBaseMixin
[05:30:18] [main/WARN]: Method overwrite conflict for method_21740 in modernfix-common.mixins.json:perf.remove_biome_temperature_cache.BiomeMixin from mod modernfix, previously written by net.caffeinemc.mods.lithium.mixin.world.temperature_cache.BiomeMixin. Skipping method.
[05:30:24] [main/INFO]: Vanilla bootstrap took 8523 milliseconds
[05:30:24] [main/INFO]: Deserializing AOTAConfig from './config/armoroftheages.json'
[05:30:24] [main/ERROR]: No data fixer registered for artifacts:mimic
[05:30:25] [main/INFO]: Loading Collective version 8.22.
[05:30:25] [main/INFO]: Enabled 28 bug fixes: [MC-2025, MC-7569, MC-8187, MC-30391, MC-69216, MC-88371, MC-89146, MC-93018, MC-100991, MC-119417, MC-119754, MC-121706, MC-121903, MC-129909, MC-132878, MC-135971, MC-155509, MC-160095, MC-179072, MC-183990, MC-199467, MC-200418, MC-206922, MC-215530, MC-223153, MC-224729, MC-231743, MC-232869]
[05:30:25] [main/INFO]: Successfully Debugify'd your game!
[05:30:25] [main/ERROR]: No data fixer registered for deeperdarker:angler_fish
[05:30:25] [main/ERROR]: No data fixer registered for deeperdarker:sculk_centipede
[05:30:25] [main/ERROR]: No data fixer registered for deeperdarker:sculk_leech
[05:30:25] [main/ERROR]: No data fixer registered for deeperdarker:sculk_snapper
[05:30:25] [main/ERROR]: No data fixer registered for deeperdarker:shattered
[05:30:25] [main/ERROR]: No data fixer registered for deeperdarker:shriek_worm
[05:30:25] [main/ERROR]: No data fixer registered for deeperdarker:sludge
[05:30:25] [main/ERROR]: No data fixer registered for deeperdarker:stalker
[05:30:25] [main/ERROR]: No data fixer registered for crystallized_amber
[05:30:25] [main/ERROR]: No data fixer registered for sculk_jaw
[05:30:25] [main/INFO]: [Dynamic Lights] Loaded Dynamic Lights by Tschipcraft successfully!
[05:30:27] [main/INFO]: Loaded config :emi_loot_config in 1147ms
[05:30:27] [main/INFO]: Detected Java version 21. Enabling Java 16 features.
[05:30:27] [main/INFO]: [EssentialCommands]: Mod Load Initiated.
[05:30:27] [main/INFO]: [EssentialCommands]: Mod Load Complete.
[05:30:27] [main/INFO]: ExpandAbility here, who dis?
[05:30:27] [main/INFO]: Compression will use libdeflate (Linux x86_64), encryption will use OpenSSL 3.0.x (Linux x86_64)
[05:30:27] [main/INFO]: Ksyxis: Loading... (platform: fabric, version: 1.4.3, manual: false)
[05:30:27] [main/INFO]: Ksyxis: Ready to remove unneeded chunks. (mixinVersion: 0.8.7, time: 0 ms)
[05:30:27] [main/INFO]: Constructing common components for leavesbegone:main
[05:30:27] [ForkJoinPool.commonPool-worker-1/INFO]: A new version of Essential Commands is available. Current: '0.35.2-mc1.21' Latest: '0.38.5-mc1.21.8
'. Get the new version at https://modrinth.com/mod/essential-commands
[05:30:27] [main/INFO]: [Mythic Metals] Mythic Metals is now initialized.
[05:30:27] [main/INFO]: Loading Noisium.
[05:30:27] [main/INFO]: Maybe we take a page out of the Wisp Forest handbook: When in doubt, steal glisco's code
[05:30:27] [main/INFO]: Constructing common components for puzzleslib:main
[05:30:28] [main/INFO]: [ServerCore] Loaded V1.5.10+1.21.1!
[05:30:28] [main/INFO]: Initializing Silk
[05:30:28] [main/INFO]: Loaded config simplyswords:general in 78ms
[05:30:28] [main/INFO]: Loaded config simplyswords:gem_powers in 341ms
[05:30:28] [main/INFO]: Loaded config simplyswords:status_effects in 11ms
[05:30:29] [main/INFO]: Loaded config simplyswords:weapon_attributes in 288ms
[05:30:29] [main/INFO]: Loaded config simplyswords:unique_effects in 439ms
[05:30:29] [main/ERROR]: No data fixer registered for battlestandard
[05:30:29] [main/ERROR]: No data fixer registered for battlestandarddark
[05:30:29] [main/ERROR]: No data fixer registered for simplyswords:simplybeeentity
[05:30:29] [main/ERROR]: No data fixer registered for simplyswords:simplyaxolotlentity
[05:30:29] [main/ERROR]: No data fixer registered for simplyswords:thrown_sword
[05:30:29] [main/ERROR]: No data fixer registered for simplyswords:frostfall_entity
[05:30:29] [main/ERROR]: No data fixer registered for simplyswords:livyatan_entity
[05:30:29] [main/ERROR]: No data fixer registered for simplyswords:spear_entity
[05:30:29] [main/ERROR]: No data fixer registered for simplyswords:runic_entity
[05:30:29] [main/INFO]: Registering Mythic Metals items
[05:30:29] [main/INFO]: [STDOUT]: /workspaces/ALLofCREATE/servidor_minecraft/config
[05:30:29] [main/INFO]: Loaded config simplytooltips:config in 16ms
[05:30:29] [main/INFO]: SimplyTooltips config loaded: simplytooltips:config
[05:30:30] [main/ERROR]: No data fixer registered for 
[05:30:30] [main/INFO]: Tellus worldgen initialized
[05:30:30] [main/ERROR]: No data fixer registered for frostbite_arrow
[05:30:30] [main/ERROR]: No data fixer registered for too_many_bows:dragons_breath_arrow
[05:30:30] [main/ERROR]: No data fixer registered for too_many_bows:sonic_boom_projectile
[05:30:30] [main/ERROR]: No data fixer registered for venom_arrow
[05:30:30] [main/ERROR]: No data fixer registered for flame_arrow
[05:30:30] [main/ERROR]: No data fixer registered for solar_arrow
[05:30:30] [main/ERROR]: No data fixer registered for tidal_arrow
[05:30:30] [main/ERROR]: No data fixer registered for cursed_flame_arrow
[05:30:30] [main/ERROR]: No data fixer registered for too_many_bows:lightning_arrow
[05:30:30] [main/ERROR]: No data fixer registered for too_many_bows:wind_projectile
[05:30:30] [main/ERROR]: No data fixer registered for too_many_bows:icicle_javelin
[05:30:30] [main/ERROR]: No data fixer registered for too_many_bows:hunter_arrow
[05:30:30] [main/ERROR]: No data fixer registered for too_many_bows:astral_arrow
[05:30:30] [main/ERROR]: No data fixer registered for too_many_bows:hunter_xp_arrow
[05:30:30] [main/ERROR]: No data fixer registered for too_many_bows:ancient_sage_arrow
[05:30:30] [main/ERROR]: No data fixer registered for too_many_bows:sentinel_arrow
[05:30:30] [main/ERROR]: No data fixer registered for too_many_bows:vitality_arrow
[05:30:30] [main/ERROR]: No data fixer registered for too_many_bows:ethereal_arrow
[05:30:30] [main/ERROR]: No data fixer registered for too_many_bows:shulker_blast_projectile
[05:30:30] [main/ERROR]: No data fixer registered for too_many_bows:spectral_arrow
[05:30:30] [main/ERROR]: No data fixer registered for too_many_bows:aurora_arrow
[05:30:30] [main/ERROR]: No data fixer registered for too_many_bows:aurora_arrow
[05:30:30] [main/ERROR]: No data fixer registered for too_many_bows:radiant_arrow
[05:30:30] [main/ERROR]: No data fixer registered for too_many_bows:dusk_reaper_arrow
[05:30:30] [main/ERROR]: No data fixer registered for too_many_bows:ironclad_arrow
[05:30:30] [main/ERROR]: No data fixer registered for too_many_bows:webstring_arrow
[05:30:30] [main/ERROR]: No data fixer registered for too_many_bows:webstring_arrow
[05:30:30] [main/ERROR]: No data fixer registered for too_many_bows:torchbearer_arrow
[05:30:30] [main/ERROR]: No data fixer registered for too_many_bows:light_orb
[05:30:30] [main/INFO]: [STDOUT]: TxniLib onInitialize!
[05:30:30] [main/INFO]: Veinminer Version: 2.4.2 (fabric)
[05:30:31] [main/INFO]: Krypton is now accelerating your Minecraft server's networking stack 🚀
[05:30:31] [DefaultDispatcher-worker-1/INFO]: [STDOUT]: [VeinminerUpdater] veinminer is up to date
[05:30:31] [main/INFO]: Environment: Environment[sessionHost=https://sessionserver.mojang.com, servicesHost=https://api.minecraftservices.com, name=PROD]
[05:30:31] [main/INFO]: Ksyxis: Enabled compatibility hack with ModernFix. (removeSpawnChunks: false)
[05:30:33] [main/INFO]: EarthChunkGenerator init: scale=30.0, minAltitude=-64, maxAltitude=-2147483648, heightOffset=64, limits=[minY=-64, height=480, logicalHeight=480], seaLevel=64
[05:30:33] [Worker-Main-3/INFO]: Loaded config simplyswords:loot in 21ms
[05:30:34] [Worker-Main-3/INFO]: parsing loot tables
[05:30:34] [Worker-Main-3/ERROR]: Failed to apply component patch '{minecraft:potion_contents=>class_1844[potion=Optional[Reference{ResourceKey[minecraft:potion / minecraft:strong_healing]=net.minecraft.class_1842@ec168c5}], customColor=Optional.empty, customEffects=[]]}' to item: 'Item stack with stack size of 2 was larger than maximum: 1'
[05:30:34] [Worker-Main-3/ERROR]: Failed to apply component patch '{minecraft:potion_contents=>class_1844[potion=Optional[Reference{ResourceKey[minecraft:potion / minecraft:long_regeneration]=net.minecraft.class_1842@66860e08}], customColor=Optional.empty, customEffects=[]]}' to item: 'Item stack with stack size of 2 was larger than maximum: 1'
[05:30:35] [Worker-Main-3/ERROR]: Failed to apply component patch '{minecraft:potion_contents=>class_1844[potion=Optional[Reference{ResourceKey[minecraft:potion / minecraft:strong_healing]=net.minecraft.class_1842@ec168c5}], customColor=Optional.empty, customEffects=[]]}' to item: 'Item stack with stack size of 2 was larger than maximum: 1'
[05:30:35] [Worker-Main-3/ERROR]: Failed to apply component patch '{minecraft:potion_contents=>class_1844[potion=Optional[Reference{ResourceKey[minecraft:potion / minecraft:strong_healing]=net.minecraft.class_1842@ec168c5}], customColor=Optional.empty, customEffects=[]]}' to item: 'Item stack with stack size of 2 was larger than maximum: 1'
[05:30:35] [Worker-Main-3/ERROR]: Failed to apply component patch '{minecraft:potion_contents=>class_1844[potion=Optional[Reference{ResourceKey[minecraft:potion / minecraft:strong_healing]=net.minecraft.class_1842@ec168c5}], customColor=Optional.empty, customEffects=[]]}' to item: 'Item stack with stack size of 2 was larger than maximum: 1'
[05:30:35] [Worker-Main-3/ERROR]: Failed to apply component patch '{minecraft:potion_contents=>class_1844[potion=Optional[Reference{ResourceKey[minecraft:potion / minecraft:strong_healing]=net.minecraft.class_1842@ec168c5}], customColor=Optional.empty, customEffects=[]]}' to item: 'Item stack with stack size of 2 was larger than maximum: 1'
[05:30:35] [Worker-Main-3/ERROR]: Failed to apply component patch '{minecraft:potion_contents=>class_1844[potion=Optional[Reference{ResourceKey[minecraft:potion / minecraft:strong_healing]=net.minecraft.class_1842@ec168c5}], customColor=Optional.empty, customEffects=[]]}' to item: 'Item stack with stack size of 2 was larger than maximum: 1'
[05:30:35] [Worker-Main-3/ERROR]: Failed to apply component patch '{minecraft:potion_contents=>class_1844[potion=Optional[Reference{ResourceKey[minecraft:potion / minecraft:strong_healing]=net.minecraft.class_1842@ec168c5}], customColor=Optional.empty, customEffects=[]]}' to item: 'Item stack with stack size of 2 was larger than maximum: 1'
[05:30:35] [Worker-Main-3/ERROR]: Failed to apply component patch '{minecraft:potion_contents=>class_1844[potion=Optional[Reference{ResourceKey[minecraft:potion / minecraft:regeneration]=net.minecraft.class_1842@49f7bb6f}], customColor=Optional[8388672], customEffects=[effect.minecraft.regeneration x 5, Duration: 300, effect.minecraft.instant_health x 3, Duration: 1]]}' to item: 'Item stack with stack size of 2 was larger than maximum: 1'
[05:30:35] [Worker-Main-3/INFO]: finished parsing loot tables in 663
[05:30:37] [main/INFO]: Loaded 2651 recipes
[05:30:37] [main/ERROR]: Parsing error loading custom advancement dungeons_arise:find_thornborn_towers: No key id in MapLike[{"item":"minecraft:rose_bush"}]
[05:30:37] [main/ERROR]: Parsing error loading custom advancement dungeons_arise:find_illager_corsair_or_illager_galley: No key id in MapLike[{"item":"minecraft:tropical_fish"}]
[05:30:37] [main/ERROR]: Parsing error loading custom advancement dungeons_arise:find_keep_kayra: No key id in MapLike[{"item":"minecraft:lily_pad"}]
[05:30:37] [main/ERROR]: Parsing error loading custom advancement dungeons_arise:find_infested_temple_map: No key id in MapLike[{"item":"minecraft:filled_map"}]
[05:30:37] [main/ERROR]: Parsing error loading custom advancement dungeons_arise:find_greenwood_pub: No key id in MapLike[{"item":"minecraft:barrel"}]
[05:30:37] [main/ERROR]: Couldn't load advancements: [dungeons_arise:find_plague_asylum, minecraft:wander_add_map, dungeons_arise:find_fishing_hut, minecraft:give_quest_trader_trade]
[05:30:37] [main/INFO]: Loaded 2001 advancements
[05:30:37] [main/INFO]: Reloading grave shape (server)
[05:30:37] [main/INFO]: Grave model and shape reload successful (server)
[05:30:37] [main/INFO]: Reloading YIGD graveyard data (server)
[05:30:37] [main/INFO]: Graveyard data successfully reloaded (server)
[05:30:37] [main/INFO]: Reloading YIGD grave area overrides (server)
[05:30:37] [main/INFO]: Grave area overrides successfully reloaded (server)
[05:30:37] [main/WARN]: Not all defined tags for registry ResourceKey[minecraft:root / minecraft:item] are present in data pack: minecraft:enchantable/empty
[05:30:37] [main/WARN]: Initial datapack load took 5.758 s
[05:30:37] [main/INFO]: Applied 1057 biome modifications to 63 of 68 new biomes in 25.55 ms
[05:30:37] [Server thread/INFO]: Initialized mcCoroutineScope (MinecraftServer as executor)
[05:30:37] [Server thread/INFO]: Dispatching loading event for config leavesbegone-server.toml
[05:30:38] [Server thread/INFO]: Encoded Weapon Attribute registry size (with package overhead): 40555 bytes (in 5 string chunks with the size of 10000)
[05:30:38] [Server thread/INFO]:         __    
[05:30:38] [Server thread/INFO]:   |    |__)   LuckPerms v5.4.140
[05:30:38] [Server thread/INFO]:   |___ |      Running on Fabric - fabric@0.116.12+1.21.1
[05:30:38] [Server thread/INFO]: 
[05:30:38] [Server thread/INFO]: Loading configuration...
[05:30:38] [Server thread/INFO]: Loading storage provider... [H2]
[05:30:38] [Server thread/INFO]: Loading internal permission managers...
[05:30:39] [Server thread/INFO]: Performing initial data load...
[05:30:39] [Server thread/INFO]: Successfully enabled. (took 853ms)
[05:30:39] [Server thread/INFO]: Starting minecraft server version 1.21.1
[05:30:39] [Server thread/INFO]: Loading properties
[05:30:39] [Server thread/INFO]: Default game type: SURVIVAL
[05:30:39] [Server thread/INFO]: Generating keypair
[05:30:39] [Server thread/INFO]: Starting Minecraft server on *:25565
[05:30:39] [Server thread/INFO]: Using epoll channel type
[05:30:39] [Server thread/WARN]: **** SERVER IS RUNNING IN OFFLINE/INSECURE MODE!
[05:30:39] [Server thread/WARN]: The server will make no attempt to authenticate usernames. Beware.
[05:30:39] [Server thread/WARN]: While this makes the game possible to play without internet access, it also opens up the ability for hackers to connect with any username they choose.
[05:30:39] [Server thread/WARN]: To change this, set "online-mode" to "true" in the server.properties file.
[05:30:39] [Server thread/INFO]: Preparing level "world"
[05:30:39] [Server thread/WARN]: Not enforcing safe world random access
[05:30:40] [Server thread/INFO]: Using TheSpeedyObjectFactory with Unsafe
[05:30:49] [Server thread/INFO]: Ksyxis: Speeding up the world loading... Delete the mod, if it got stuck after this message. (net.minecraft.class_3176 method_3774)
[05:30:49] [Server thread/INFO]: Preparing start region for dimension minecraft:overworld
[05:30:49] [Server thread/INFO]: [STDOUT]: [ScalableLux] Lighting scaling is enabled in externally managed mode
[05:30:49] [Server thread/INFO]: Time elapsed: 77 ms
[05:30:49] [Server thread/INFO]: Done (10.333s)! For help, type "help"
[05:30:49] [Server thread/WARN]: Dedicated server took 48.311 seconds to load
[05:30:50] [Server thread/INFO]: A new version of Essential Commands is available. Current: '0.35.2-mc1.21' Latest: '0.38.5-mc1.21.8
'. Get the new version at https://modrinth.com/mod/essential-commands
[05:30:50] [Server thread/INFO]: Overworld dimension type: minY=-64,height=384,logicalHeight=384
[05:30:50] [Server thread/INFO]: Overworld generator: type=class_3754, minY=-64, height=384
[05:30:50] [Server thread/INFO]: Overworld level stem: dimensionType=minY=-64,height=384,logicalHeight=384, generatorType=class_3754
[05:30:50] [Server thread/INFO]: Possible world ids: minecraft:overworld,minecraft:the_end,deeperdarker:otherside,minecraft:the_nether
[05:30:50] [Server thread/INFO]: Configured `rtp_enabled_worlds` world ids: minecraft:overworld
[05:30:50] [Server thread/INFO]: All configured `rtp_enabled_worlds` world ids are valid.
